Picked up JAVA_TOOL_OPTIONS: -Duser.language=en -Duser.country=US -javaagent:"C:\Users\abcd1\AppData\Local\Programs\Python\Python39\libs\remoteswinglibrary-2.3.0.jar"=127.0.0.1:60468 --add-exports=java.desktop/sun.awt=ALL-UNNAMED
Picked up _JAVA_OPTIONS: -Djava.security.policy="C:\Users\abcd1\AppData\Local\Temp\grant_all_x5x4arzi.policy"
Exception in thread "AWT-EventQueue-0" java.lang.NoClassDefFoundError: SecuyaGridGame
	at ME2.<init>(ME2.java:63)
	at ME2.createAndShowGUI(ME2.java:313)
	at ME2$1.run(ME2.java:362)
	at java.desktop/java.awt.event.InvocationEvent.dispatch(InvocationEvent.java:316)
	at java.desktop/java.awt.EventQueue.dispatchEventImpl(EventQueue.java:770)
	at java.desktop/java.awt.EventQueue$4.run(EventQueue.java:721)
	at java.desktop/java.awt.EventQueue$4.run(EventQueue.java:715)
	at java.base/java.security.AccessController.doPrivileged(AccessController.java:391)
	at java.base/java.security.ProtectionDomain$JavaSecurityAccessImpl.doIntersectionPrivilege(ProtectionDomain.java:85)
	at java.desktop/java.awt.EventQueue.dispatchEvent(EventQueue.java:740)
	at java.desktop/java.awt.EventDispatchThread.pumpOneEventForFilters(EventDispatchThread.java:203)
	at java.desktop/java.awt.EventDispatchThread.pumpEventsForFilter(EventDispatchThread.java:124)
	at java.desktop/java.awt.EventDispatchThread.pumpEventsForHierarchy(EventDispatchThread.java:113)
	at java.desktop/java.awt.EventDispatchThread.pumpEvents(EventDispatchThread.java:109)
	at java.desktop/java.awt.EventDispatchThread.pumpEvents(EventDispatchThread.java:101)
	at java.desktop/java.awt.EventDispatchThread.run(EventDispatchThread.java:90)
Caused by: java.lang.ClassNotFoundException: SecuyaGridGame
	at java.base/jdk.internal.loader.BuiltinClassLoader.loadClass(BuiltinClassLoader.java:636)
	at java.base/jdk.internal.loader.ClassLoaders$AppClassLoader.loadClass(ClassLoaders.java:182)
	at java.base/java.lang.ClassLoader.loadClass(ClassLoader.java:519)
	... 16 more
